<?xml version="1.0" encoding="UTF-8"?>
<testsuite name="tests.GroupCreationTests" tests="3" skipped="0" failures="0" errors="0" timestamp="2025-11-16T11:46:00.408Z" hostname="DESKTOP-F8C0EVU" time="3.094">
  <properties/>
  <testcase name="canCreateGroupWithEmptyName()" classname="tests.GroupCreationTests" time="2.081"/>
  <testcase name="canCreateGroup()" classname="tests.GroupCreationTests" time="0.523"/>
  <testcase name="canCreateGroupWithNameOnly()" classname="tests.GroupCreationTests" time="0.489"/>
  <system-out><![CDATA[]]></system-out>
  <system-err><![CDATA[]]></system-err>
</testsuite>
