<?xml version="1.0" encoding="UTF-8"?>
<testsuite name="tests.ContactRemovalTests" tests="1" skipped="0" failures="0" errors="0" timestamp="2025-12-19T12:07:43.507Z" hostname="DESKTOP-F8C0EVU" time="7.624">
  <properties/>
  <testcase name="canRemoveContactFromGroup()" classname="tests.ContactRemovalTests" time="7.624"/>
  <system-out><![CDATA[]]></system-out>
  <system-err><![CDATA[дек. 19, 2025 3:07:46 PM org.hibernate.Version logVersion
INFO: HHH000412: Hibernate ORM core version 6.3.0.CR1
дек. 19, 2025 3:07:46 PM org.hibernate.cfg.Environment <clinit>
INFO: HHH000406: Using bytecode reflection optimizer
дек. 19, 2025 3:07:46 PM org.hibernate.cache.internal.RegionFactoryInitiator initiateService
INFO: HHH000026: Second-level cache disabled
дек. 19, 2025 3:07:46 PM org.hibernate.engine.jdbc.connections.internal.DriverManagerConnectionProviderImpl configure
WARN: HHH10001002: Using built-in connection pool (not intended for production use)
дек. 19, 2025 3:07:46 PM org.hibernate.engine.jdbc.connections.internal.DriverManagerConnectionProviderImpl buildCreator
INFO: HHH10001005: Loaded JDBC driver class: com.mysql.cj.jdbc.Driver
дек. 19, 2025 3:07:46 PM org.hibernate.engine.jdbc.connections.internal.DriverManagerConnectionProviderImpl buildCreator
INFO: HHH10001012: Connecting with JDBC URL [jdbc:mysql://localhost/addressbook?zeroDateTimeBehavior=convertToNull]
дек. 19, 2025 3:07:46 PM org.hibernate.engine.jdbc.connections.internal.DriverManagerConnectionProviderImpl buildCreator
INFO: HHH10001001: Connection properties: {password=****, user=root}
дек. 19, 2025 3:07:46 PM org.hibernate.engine.jdbc.connections.internal.DriverManagerConnectionProviderImpl buildCreator
INFO: HHH10001003: Autocommit mode: false
дек. 19, 2025 3:07:46 PM org.hibernate.engine.jdbc.connections.internal.DriverManagerConnectionProviderImpl$PooledConnections <init>
INFO: HHH10001115: Connection pool size: 20 (min=1)
дек. 19, 2025 3:07:46 PM io.opentelemetry.api.GlobalOpenTelemetry maybeAutoConfigureAndSetGlobal
INFO: AutoConfiguredOpenTelemetrySdk found on classpath but automatic configuration is disabled. To enable, run your JVM with -Dotel.java.global-autoconfigure.enabled=true
дек. 19, 2025 3:07:46 PM org.hibernate.dialect.Dialect checkVersion
WARN: HHH000511: The 5.5.0 version for [org.hibernate.dialect.MySQLDialect] is no longer supported, hence certain features may not work properly. The minimum supported version is 5.7.0. Check the community dialects project for available legacy versions.
дек. 19, 2025 3:07:47 PM org.hibernate.engine.transaction.jta.platform.internal.JtaPlatformInitiator initiateService
INFO: HHH000489: No JTA platform available (set 'hibernate.transaction.jta.platform' to enable JTA platform integration)
]]></system-err>
</testsuite>
