<?xml version="1.0" encoding="UTF-8"?>
<testsuite name="tests.ContactCreationTests" tests="4" skipped="0" failures="3" errors="0" timestamp="2025-12-03T20:40:50.169Z" hostname="DESKTOP-F8C0EVU" time="6.907">
  <properties/>
  <testcase name="[1] ContactData[id=, first_name=, last_name=, phone=, photo=]" classname="tests.ContactCreationTests" time="4.183">
    <failure message="org.openqa.selenium.InvalidArgumentException: File not found: D:\pupey\addressbook_web_tests&#10;Build info: version: '4.38.0', revision: '6b412e825c*'&#10;System info: os.name: 'Windows 10', os.arch: 'amd64', os.version: '10.0', java.version: '22.0.2'&#10;Driver info: org.openqa.selenium.firefox.FirefoxDriver&#10;Command: [9a1f1118-f7fa-4f65-9f86-d083f4971b01, sendKeysToElement {id=02ee9c8b-a06e-4d02-8d9c-82de17a7fbe2, value=[Ljava.lang.CharSequence;@7a1f45ed}]&#10;Capabilities {acceptInsecureCerts: true, browserName: firefox, browserVersion: 145.0.2, moz:accessibilityChecks: false, moz:buildID: 20251124145406, moz:geckodriverVersion: 0.36.0, moz:headless: false, moz:platformVersion: 10.0, moz:processID: 14792, moz:profile: C:\Users\sdmkz\AppData\Loca..., moz:shutdownTimeout: 60000, moz:webdriverClick: true, moz:windowless: false, pageLoadStrategy: normal, platformName: windows, proxy: Proxy(), setWindowRect: true, strictFileInteractability: false, timeouts: {implicit: 0, pageLoad: 300000, script: 30000}, unhandledPromptBehavior: dismiss and notify, userAgent: Mozilla/5.0 (Windows NT 10....}&#10;Element: [[FirefoxDriver: firefox on windows (9a1f1118-f7fa-4f65-9f86-d083f4971b01)] -&gt; name: photo]&#10;Session ID: 9a1f1118-f7fa-4f65-9f86-d083f4971b01" type="org.openqa.selenium.InvalidArgumentException">org.openqa.selenium.InvalidArgumentException: File not found: D:\pupey\addressbook_web_tests
Build info: version: '4.38.0', revision: '6b412e825c*'
System info: os.name: 'Windows 10', os.arch: 'amd64', os.version: '10.0', java.version: '22.0.2'
Driver info: org.openqa.selenium.firefox.FirefoxDriver
Command: [9a1f1118-f7fa-4f65-9f86-d083f4971b01, sendKeysToElement {id=02ee9c8b-a06e-4d02-8d9c-82de17a7fbe2, value=[Ljava.lang.CharSequence;@7a1f45ed}]
Capabilities {acceptInsecureCerts: true, browserName: firefox, browserVersion: 145.0.2, moz:accessibilityChecks: false, moz:buildID: 20251124145406, moz:geckodriverVersion: 0.36.0, moz:headless: false, moz:platformVersion: 10.0, moz:processID: 14792, moz:profile: C:\Users\sdmkz\AppData\Loca..., moz:shutdownTimeout: 60000, moz:webdriverClick: true, moz:windowless: false, pageLoadStrategy: normal, platformName: windows, proxy: Proxy(), setWindowRect: true, strictFileInteractability: false, timeouts: {implicit: 0, pageLoad: 300000, script: 30000}, unhandledPromptBehavior: dismiss and notify, userAgent: Mozilla/5.0 (Windows NT 10....}
Element: [[FirefoxDriver: firefox on windows (9a1f1118-f7fa-4f65-9f86-d083f4971b01)] -&gt; name: photo]
Session ID: 9a1f1118-f7fa-4f65-9f86-d083f4971b01
	at java.base@22.0.2/jdk.internal.reflect.DirectConstructorHandleAccessor.newInstance(DirectConstructorHandleAccessor.java:62)
	at java.base@22.0.2/java.lang.reflect.Constructor.newInstanceWithCaller(Constructor.java:502)
	at java.base@22.0.2/java.lang.reflect.Constructor.newInstance(Constructor.java:486)
	at app//org.openqa.selenium.remote.ErrorCodec.decode(ErrorCodec.java:167)
	at app//org.openqa.selenium.remote.codec.w3c.W3CHttpResponseCodec.decode(W3CHttpResponseCodec.java:138)
	at app//org.openqa.selenium.remote.codec.w3c.W3CHttpResponseCodec.decode(W3CHttpResponseCodec.java:50)
	at app//org.openqa.selenium.remote.HttpCommandExecutor.execute(HttpCommandExecutor.java:215)
	at app//org.openqa.selenium.remote.service.DriverCommandExecutor.invokeExecute(DriverCommandExecutor.java:216)
	at app//org.openqa.selenium.remote.service.DriverCommandExecutor.execute(DriverCommandExecutor.java:174)
	at app//org.openqa.selenium.remote.RemoteWebDriver.execute(RemoteWebDriver.java:557)
	at app//org.openqa.selenium.remote.RemoteWebElement.execute(RemoteWebElement.java:223)
	at app//org.openqa.selenium.remote.RemoteWebElement.sendKeys(RemoteWebElement.java:110)
	at app//manager.HelperBase.attach(HelperBase.java:24)
	at app//manager.ContactHelper.fillContactForm(ContactHelper.java:47)
	at app//manager.ContactHelper.createContact(ContactHelper.java:15)
	at app//tests.ContactCreationTests.canCreateMultipleContacts(ContactCreationTests.java:57)
	at java.base@22.0.2/java.lang.reflect.Method.invoke(Method.java:580)
	at java.base@22.0.2/java.util.stream.ForEachOps$ForEachOp$OfRef.accept(ForEachOps.java:184)
	at java.base@22.0.2/java.util.stream.ReferencePipeline$3$1.accept(ReferencePipeline.java:212)
	at java.base@22.0.2/java.util.stream.ReferencePipeline$2$1.accept(ReferencePipeline.java:194)
	at java.base@22.0.2/java.util.stream.ReferencePipeline$3$1.accept(ReferencePipeline.java:212)
	at java.base@22.0.2/java.util.stream.ForEachOps$ForEachOp$OfRef.accept(ForEachOps.java:184)
	at java.base@22.0.2/java.util.stream.ReferencePipeline$3$1.accept(ReferencePipeline.java:212)
	at java.base@22.0.2/java.util.stream.ReferencePipeline$3$1.accept(ReferencePipeline.java:212)
	at java.base@22.0.2/java.util.stream.ReferencePipeline$3$1.accept(ReferencePipeline.java:212)
	at java.base@22.0.2/java.util.stream.ForEachOps$ForEachOp$OfRef.accept(ForEachOps.java:184)
	at java.base@22.0.2/java.util.stream.ReferencePipeline$3$1.accept(ReferencePipeline.java:212)
	at java.base@22.0.2/java.util.ArrayList$ArrayListSpliterator.forEachRemaining(ArrayList.java:1709)
	at java.base@22.0.2/java.util.stream.ReferencePipeline$Head.forEach(ReferencePipeline.java:782)
	at java.base@22.0.2/java.util.stream.ReferencePipeline$7$1.accept(ReferencePipeline.java:291)
	at java.base@22.0.2/java.util.stream.ReferencePipeline$3$1.accept(ReferencePipeline.java:212)
	at java.base@22.0.2/java.util.stream.ReferencePipeline$3$1.accept(ReferencePipeline.java:212)
	at java.base@22.0.2/java.util.stream.ReferencePipeline$3$1.accept(ReferencePipeline.java:212)
	at java.base@22.0.2/java.util.Spliterators$ArraySpliterator.forEachRemaining(Spliterators.java:1024)
	at java.base@22.0.2/java.util.stream.AbstractPipeline.copyInto(AbstractPipeline.java:556)
	at java.base@22.0.2/java.util.stream.AbstractPipeline.wrapAndCopyInto(AbstractPipeline.java:546)
	at java.base@22.0.2/java.util.stream.ForEachOps$ForEachOp.evaluateSequential(ForEachOps.java:151)
	at java.base@22.0.2/java.util.stream.ForEachOps$ForEachOp$OfRef.evaluateSequential(ForEachOps.java:174)
	at java.base@22.0.2/java.util.stream.AbstractPipeline.evaluate(AbstractPipeline.java:265)
	at java.base@22.0.2/java.util.stream.ReferencePipeline.forEach(ReferencePipeline.java:611)
	at java.base@22.0.2/java.util.stream.ReferencePipeline$7$1.accept(ReferencePipeline.java:291)
	at java.base@22.0.2/java.util.stream.ReferencePipeline$3$1.accept(ReferencePipeline.java:212)
	at java.base@22.0.2/java.util.stream.ReferencePipeline$3$1.accept(ReferencePipeline.java:212)
	at java.base@22.0.2/java.util.stream.ReferencePipeline$3$1.accept(ReferencePipeline.java:212)
	at java.base@22.0.2/java.util.ArrayList$ArrayListSpliterator.forEachRemaining(ArrayList.java:1709)
	at java.base@22.0.2/java.util.stream.AbstractPipeline.copyInto(AbstractPipeline.java:556)
	at java.base@22.0.2/java.util.stream.AbstractPipeline.wrapAndCopyInto(AbstractPipeline.java:546)
	at java.base@22.0.2/java.util.stream.ForEachOps$ForEachOp.evaluateSequential(ForEachOps.java:151)
	at java.base@22.0.2/java.util.stream.ForEachOps$ForEachOp$OfRef.evaluateSequential(ForEachOps.java:174)
	at java.base@22.0.2/java.util.stream.AbstractPipeline.evaluate(AbstractPipeline.java:265)
	at java.base@22.0.2/java.util.stream.ReferencePipeline.forEach(ReferencePipeline.java:611)
	at java.base@22.0.2/java.util.stream.ReferencePipeline$7$1.accept(ReferencePipeline.java:291)
	at java.base@22.0.2/java.util.ArrayList$ArrayListSpliterator.forEachRemaining(ArrayList.java:1709)
	at java.base@22.0.2/java.util.stream.AbstractPipeline.copyInto(AbstractPipeline.java:556)
	at java.base@22.0.2/java.util.stream.AbstractPipeline.wrapAndCopyInto(AbstractPipeline.java:546)
	at java.base@22.0.2/java.util.stream.ForEachOps$ForEachOp.evaluateSequential(ForEachOps.java:151)
	at java.base@22.0.2/java.util.stream.ForEachOps$ForEachOp$OfRef.evaluateSequential(ForEachOps.java:174)
	at java.base@22.0.2/java.util.stream.AbstractPipeline.evaluate(AbstractPipeline.java:265)
	at java.base@22.0.2/java.util.stream.ReferencePipeline.forEach(ReferencePipeline.java:611)
	at java.base@22.0.2/java.util.ArrayList.forEach(ArrayList.java:1597)
	at java.base@22.0.2/java.util.ArrayList.forEach(ArrayList.java:1597)
</failure>
  </testcase>
  <testcase name="[2] ContactData[id=, first_name=fdnfkswhdv, last_name=pbdagcswhx, phone=alerzkegdr, photo=]" classname="tests.ContactCreationTests" time="1.038">
    <failure message="org.openqa.selenium.InvalidArgumentException: File not found: D:\pupey\addressbook_web_tests&#10;Build info: version: '4.38.0', revision: '6b412e825c*'&#10;System info: os.name: 'Windows 10', os.arch: 'amd64', os.version: '10.0', java.version: '22.0.2'&#10;Driver info: org.openqa.selenium.firefox.FirefoxDriver&#10;Command: [9a1f1118-f7fa-4f65-9f86-d083f4971b01, sendKeysToElement {id=8af37943-dd34-4e47-8908-b9e3007bab2b, value=[Ljava.lang.CharSequence;@2100d047}]&#10;Capabilities {acceptInsecureCerts: true, browserName: firefox, browserVersion: 145.0.2, moz:accessibilityChecks: false, moz:buildID: 20251124145406, moz:geckodriverVersion: 0.36.0, moz:headless: false, moz:platformVersion: 10.0, moz:processID: 14792, moz:profile: C:\Users\sdmkz\AppData\Loca..., moz:shutdownTimeout: 60000, moz:webdriverClick: true, moz:windowless: false, pageLoadStrategy: normal, platformName: windows, proxy: Proxy(), setWindowRect: true, strictFileInteractability: false, timeouts: {implicit: 0, pageLoad: 300000, script: 30000}, unhandledPromptBehavior: dismiss and notify, userAgent: Mozilla/5.0 (Windows NT 10....}&#10;Element: [[FirefoxDriver: firefox on windows (9a1f1118-f7fa-4f65-9f86-d083f4971b01)] -&gt; name: photo]&#10;Session ID: 9a1f1118-f7fa-4f65-9f86-d083f4971b01" type="org.openqa.selenium.InvalidArgumentException">org.openqa.selenium.InvalidArgumentException: File not found: D:\pupey\addressbook_web_tests
Build info: version: '4.38.0', revision: '6b412e825c*'
System info: os.name: 'Windows 10', os.arch: 'amd64', os.version: '10.0', java.version: '22.0.2'
Driver info: org.openqa.selenium.firefox.FirefoxDriver
Command: [9a1f1118-f7fa-4f65-9f86-d083f4971b01, sendKeysToElement {id=8af37943-dd34-4e47-8908-b9e3007bab2b, value=[Ljava.lang.CharSequence;@2100d047}]
Capabilities {acceptInsecureCerts: true, browserName: firefox, browserVersion: 145.0.2, moz:accessibilityChecks: false, moz:buildID: 20251124145406, moz:geckodriverVersion: 0.36.0, moz:headless: false, moz:platformVersion: 10.0, moz:processID: 14792, moz:profile: C:\Users\sdmkz\AppData\Loca..., moz:shutdownTimeout: 60000, moz:webdriverClick: true, moz:windowless: false, pageLoadStrategy: normal, platformName: windows, proxy: Proxy(), setWindowRect: true, strictFileInteractability: false, timeouts: {implicit: 0, pageLoad: 300000, script: 30000}, unhandledPromptBehavior: dismiss and notify, userAgent: Mozilla/5.0 (Windows NT 10....}
Element: [[FirefoxDriver: firefox on windows (9a1f1118-f7fa-4f65-9f86-d083f4971b01)] -&gt; name: photo]
Session ID: 9a1f1118-f7fa-4f65-9f86-d083f4971b01
	at java.base@22.0.2/jdk.internal.reflect.DirectConstructorHandleAccessor.newInstance(DirectConstructorHandleAccessor.java:62)
	at java.base@22.0.2/java.lang.reflect.Constructor.newInstanceWithCaller(Constructor.java:502)
	at java.base@22.0.2/java.lang.reflect.Constructor.newInstance(Constructor.java:486)
	at app//org.openqa.selenium.remote.ErrorCodec.decode(ErrorCodec.java:167)
	at app//org.openqa.selenium.remote.codec.w3c.W3CHttpResponseCodec.decode(W3CHttpResponseCodec.java:138)
	at app//org.openqa.selenium.remote.codec.w3c.W3CHttpResponseCodec.decode(W3CHttpResponseCodec.java:50)
	at app//org.openqa.selenium.remote.HttpCommandExecutor.execute(HttpCommandExecutor.java:215)
	at app//org.openqa.selenium.remote.service.DriverCommandExecutor.invokeExecute(DriverCommandExecutor.java:216)
	at app//org.openqa.selenium.remote.service.DriverCommandExecutor.execute(DriverCommandExecutor.java:174)
	at app//org.openqa.selenium.remote.RemoteWebDriver.execute(RemoteWebDriver.java:557)
	at app//org.openqa.selenium.remote.RemoteWebElement.execute(RemoteWebElement.java:223)
	at app//org.openqa.selenium.remote.RemoteWebElement.sendKeys(RemoteWebElement.java:110)
	at app//manager.HelperBase.attach(HelperBase.java:24)
	at app//manager.ContactHelper.fillContactForm(ContactHelper.java:47)
	at app//manager.ContactHelper.createContact(ContactHelper.java:15)
	at app//tests.ContactCreationTests.canCreateMultipleContacts(ContactCreationTests.java:57)
	at java.base@22.0.2/java.lang.reflect.Method.invoke(Method.java:580)
	at java.base@22.0.2/java.util.stream.ForEachOps$ForEachOp$OfRef.accept(ForEachOps.java:184)
	at java.base@22.0.2/java.util.stream.ReferencePipeline$3$1.accept(ReferencePipeline.java:212)
	at java.base@22.0.2/java.util.stream.ReferencePipeline$2$1.accept(ReferencePipeline.java:194)
	at java.base@22.0.2/java.util.stream.ReferencePipeline$3$1.accept(ReferencePipeline.java:212)
	at java.base@22.0.2/java.util.stream.ForEachOps$ForEachOp$OfRef.accept(ForEachOps.java:184)
	at java.base@22.0.2/java.util.stream.ReferencePipeline$3$1.accept(ReferencePipeline.java:212)
	at java.base@22.0.2/java.util.stream.ReferencePipeline$3$1.accept(ReferencePipeline.java:212)
	at java.base@22.0.2/java.util.stream.ReferencePipeline$3$1.accept(ReferencePipeline.java:212)
	at java.base@22.0.2/java.util.stream.ForEachOps$ForEachOp$OfRef.accept(ForEachOps.java:184)
	at java.base@22.0.2/java.util.stream.ReferencePipeline$3$1.accept(ReferencePipeline.java:212)
	at java.base@22.0.2/java.util.ArrayList$ArrayListSpliterator.forEachRemaining(ArrayList.java:1709)
	at java.base@22.0.2/java.util.stream.ReferencePipeline$Head.forEach(ReferencePipeline.java:782)
	at java.base@22.0.2/java.util.stream.ReferencePipeline$7$1.accept(ReferencePipeline.java:291)
	at java.base@22.0.2/java.util.stream.ReferencePipeline$3$1.accept(ReferencePipeline.java:212)
	at java.base@22.0.2/java.util.stream.ReferencePipeline$3$1.accept(ReferencePipeline.java:212)
	at java.base@22.0.2/java.util.stream.ReferencePipeline$3$1.accept(ReferencePipeline.java:212)
	at java.base@22.0.2/java.util.Spliterators$ArraySpliterator.forEachRemaining(Spliterators.java:1024)
	at java.base@22.0.2/java.util.stream.AbstractPipeline.copyInto(AbstractPipeline.java:556)
	at java.base@22.0.2/java.util.stream.AbstractPipeline.wrapAndCopyInto(AbstractPipeline.java:546)
	at java.base@22.0.2/java.util.stream.ForEachOps$ForEachOp.evaluateSequential(ForEachOps.java:151)
	at java.base@22.0.2/java.util.stream.ForEachOps$ForEachOp$OfRef.evaluateSequential(ForEachOps.java:174)
	at java.base@22.0.2/java.util.stream.AbstractPipeline.evaluate(AbstractPipeline.java:265)
	at java.base@22.0.2/java.util.stream.ReferencePipeline.forEach(ReferencePipeline.java:611)
	at java.base@22.0.2/java.util.stream.ReferencePipeline$7$1.accept(ReferencePipeline.java:291)
	at java.base@22.0.2/java.util.stream.ReferencePipeline$3$1.accept(ReferencePipeline.java:212)
	at java.base@22.0.2/java.util.stream.ReferencePipeline$3$1.accept(ReferencePipeline.java:212)
	at java.base@22.0.2/java.util.stream.ReferencePipeline$3$1.accept(ReferencePipeline.java:212)
	at java.base@22.0.2/java.util.ArrayList$ArrayListSpliterator.forEachRemaining(ArrayList.java:1709)
	at java.base@22.0.2/java.util.stream.AbstractPipeline.copyInto(AbstractPipeline.java:556)
	at java.base@22.0.2/java.util.stream.AbstractPipeline.wrapAndCopyInto(AbstractPipeline.java:546)
	at java.base@22.0.2/java.util.stream.ForEachOps$ForEachOp.evaluateSequential(ForEachOps.java:151)
	at java.base@22.0.2/java.util.stream.ForEachOps$ForEachOp$OfRef.evaluateSequential(ForEachOps.java:174)
	at java.base@22.0.2/java.util.stream.AbstractPipeline.evaluate(AbstractPipeline.java:265)
	at java.base@22.0.2/java.util.stream.ReferencePipeline.forEach(ReferencePipeline.java:611)
	at java.base@22.0.2/java.util.stream.ReferencePipeline$7$1.accept(ReferencePipeline.java:291)
	at java.base@22.0.2/java.util.ArrayList$ArrayListSpliterator.forEachRemaining(ArrayList.java:1709)
	at java.base@22.0.2/java.util.stream.AbstractPipeline.copyInto(AbstractPipeline.java:556)
	at java.base@22.0.2/java.util.stream.AbstractPipeline.wrapAndCopyInto(AbstractPipeline.java:546)
	at java.base@22.0.2/java.util.stream.ForEachOps$ForEachOp.evaluateSequential(ForEachOps.java:151)
	at java.base@22.0.2/java.util.stream.ForEachOps$ForEachOp$OfRef.evaluateSequential(ForEachOps.java:174)
	at java.base@22.0.2/java.util.stream.AbstractPipeline.evaluate(AbstractPipeline.java:265)
	at java.base@22.0.2/java.util.stream.ReferencePipeline.forEach(ReferencePipeline.java:611)
	at java.base@22.0.2/java.util.ArrayList.forEach(ArrayList.java:1597)
	at java.base@22.0.2/java.util.ArrayList.forEach(ArrayList.java:1597)
</failure>
  </testcase>
  <testcase name="[3] ContactData[id=, first_name=hqoevusoksorkozcknnj, last_name=atxosxftserarhknwgdk, phone=zzldlhdybpvasqocukzt, photo=]" classname="tests.ContactCreationTests" time="0.866">
    <failure message="org.openqa.selenium.InvalidArgumentException: File not found: D:\pupey\addressbook_web_tests&#10;Build info: version: '4.38.0', revision: '6b412e825c*'&#10;System info: os.name: 'Windows 10', os.arch: 'amd64', os.version: '10.0', java.version: '22.0.2'&#10;Driver info: org.openqa.selenium.firefox.FirefoxDriver&#10;Command: [9a1f1118-f7fa-4f65-9f86-d083f4971b01, sendKeysToElement {id=42c1e3b7-7b29-495e-a94c-0d62f6b78844, value=[Ljava.lang.CharSequence;@3d20e575}]&#10;Capabilities {acceptInsecureCerts: true, browserName: firefox, browserVersion: 145.0.2, moz:accessibilityChecks: false, moz:buildID: 20251124145406, moz:geckodriverVersion: 0.36.0, moz:headless: false, moz:platformVersion: 10.0, moz:processID: 14792, moz:profile: C:\Users\sdmkz\AppData\Loca..., moz:shutdownTimeout: 60000, moz:webdriverClick: true, moz:windowless: false, pageLoadStrategy: normal, platformName: windows, proxy: Proxy(), setWindowRect: true, strictFileInteractability: false, timeouts: {implicit: 0, pageLoad: 300000, script: 30000}, unhandledPromptBehavior: dismiss and notify, userAgent: Mozilla/5.0 (Windows NT 10....}&#10;Element: [[FirefoxDriver: firefox on windows (9a1f1118-f7fa-4f65-9f86-d083f4971b01)] -&gt; name: photo]&#10;Session ID: 9a1f1118-f7fa-4f65-9f86-d083f4971b01" type="org.openqa.selenium.InvalidArgumentException">org.openqa.selenium.InvalidArgumentException: File not found: D:\pupey\addressbook_web_tests
Build info: version: '4.38.0', revision: '6b412e825c*'
System info: os.name: 'Windows 10', os.arch: 'amd64', os.version: '10.0', java.version: '22.0.2'
Driver info: org.openqa.selenium.firefox.FirefoxDriver
Command: [9a1f1118-f7fa-4f65-9f86-d083f4971b01, sendKeysToElement {id=42c1e3b7-7b29-495e-a94c-0d62f6b78844, value=[Ljava.lang.CharSequence;@3d20e575}]
Capabilities {acceptInsecureCerts: true, browserName: firefox, browserVersion: 145.0.2, moz:accessibilityChecks: false, moz:buildID: 20251124145406, moz:geckodriverVersion: 0.36.0, moz:headless: false, moz:platformVersion: 10.0, moz:processID: 14792, moz:profile: C:\Users\sdmkz\AppData\Loca..., moz:shutdownTimeout: 60000, moz:webdriverClick: true, moz:windowless: false, pageLoadStrategy: normal, platformName: windows, proxy: Proxy(), setWindowRect: true, strictFileInteractability: false, timeouts: {implicit: 0, pageLoad: 300000, script: 30000}, unhandledPromptBehavior: dismiss and notify, userAgent: Mozilla/5.0 (Windows NT 10....}
Element: [[FirefoxDriver: firefox on windows (9a1f1118-f7fa-4f65-9f86-d083f4971b01)] -&gt; name: photo]
Session ID: 9a1f1118-f7fa-4f65-9f86-d083f4971b01
	at java.base@22.0.2/jdk.internal.reflect.DirectConstructorHandleAccessor.newInstance(DirectConstructorHandleAccessor.java:62)
	at java.base@22.0.2/java.lang.reflect.Constructor.newInstanceWithCaller(Constructor.java:502)
	at java.base@22.0.2/java.lang.reflect.Constructor.newInstance(Constructor.java:486)
	at app//org.openqa.selenium.remote.ErrorCodec.decode(ErrorCodec.java:167)
	at app//org.openqa.selenium.remote.codec.w3c.W3CHttpResponseCodec.decode(W3CHttpResponseCodec.java:138)
	at app//org.openqa.selenium.remote.codec.w3c.W3CHttpResponseCodec.decode(W3CHttpResponseCodec.java:50)
	at app//org.openqa.selenium.remote.HttpCommandExecutor.execute(HttpCommandExecutor.java:215)
	at app//org.openqa.selenium.remote.service.DriverCommandExecutor.invokeExecute(DriverCommandExecutor.java:216)
	at app//org.openqa.selenium.remote.service.DriverCommandExecutor.execute(DriverCommandExecutor.java:174)
	at app//org.openqa.selenium.remote.RemoteWebDriver.execute(RemoteWebDriver.java:557)
	at app//org.openqa.selenium.remote.RemoteWebElement.execute(RemoteWebElement.java:223)
	at app//org.openqa.selenium.remote.RemoteWebElement.sendKeys(RemoteWebElement.java:110)
	at app//manager.HelperBase.attach(HelperBase.java:24)
	at app//manager.ContactHelper.fillContactForm(ContactHelper.java:47)
	at app//manager.ContactHelper.createContact(ContactHelper.java:15)
	at app//tests.ContactCreationTests.canCreateMultipleContacts(ContactCreationTests.java:57)
	at java.base@22.0.2/java.lang.reflect.Method.invoke(Method.java:580)
	at java.base@22.0.2/java.util.stream.ForEachOps$ForEachOp$OfRef.accept(ForEachOps.java:184)
	at java.base@22.0.2/java.util.stream.ReferencePipeline$3$1.accept(ReferencePipeline.java:212)
	at java.base@22.0.2/java.util.stream.ReferencePipeline$2$1.accept(ReferencePipeline.java:194)
	at java.base@22.0.2/java.util.stream.ReferencePipeline$3$1.accept(ReferencePipeline.java:212)
	at java.base@22.0.2/java.util.stream.ForEachOps$ForEachOp$OfRef.accept(ForEachOps.java:184)
	at java.base@22.0.2/java.util.stream.ReferencePipeline$3$1.accept(ReferencePipeline.java:212)
	at java.base@22.0.2/java.util.stream.ReferencePipeline$3$1.accept(ReferencePipeline.java:212)
	at java.base@22.0.2/java.util.stream.ReferencePipeline$3$1.accept(ReferencePipeline.java:212)
	at java.base@22.0.2/java.util.stream.ForEachOps$ForEachOp$OfRef.accept(ForEachOps.java:184)
	at java.base@22.0.2/java.util.stream.ReferencePipeline$3$1.accept(ReferencePipeline.java:212)
	at java.base@22.0.2/java.util.ArrayList$ArrayListSpliterator.forEachRemaining(ArrayList.java:1709)
	at java.base@22.0.2/java.util.stream.ReferencePipeline$Head.forEach(ReferencePipeline.java:782)
	at java.base@22.0.2/java.util.stream.ReferencePipeline$7$1.accept(ReferencePipeline.java:291)
	at java.base@22.0.2/java.util.stream.ReferencePipeline$3$1.accept(ReferencePipeline.java:212)
	at java.base@22.0.2/java.util.stream.ReferencePipeline$3$1.accept(ReferencePipeline.java:212)
	at java.base@22.0.2/java.util.stream.ReferencePipeline$3$1.accept(ReferencePipeline.java:212)
	at java.base@22.0.2/java.util.Spliterators$ArraySpliterator.forEachRemaining(Spliterators.java:1024)
	at java.base@22.0.2/java.util.stream.AbstractPipeline.copyInto(AbstractPipeline.java:556)
	at java.base@22.0.2/java.util.stream.AbstractPipeline.wrapAndCopyInto(AbstractPipeline.java:546)
	at java.base@22.0.2/java.util.stream.ForEachOps$ForEachOp.evaluateSequential(ForEachOps.java:151)
	at java.base@22.0.2/java.util.stream.ForEachOps$ForEachOp$OfRef.evaluateSequential(ForEachOps.java:174)
	at java.base@22.0.2/java.util.stream.AbstractPipeline.evaluate(AbstractPipeline.java:265)
	at java.base@22.0.2/java.util.stream.ReferencePipeline.forEach(ReferencePipeline.java:611)
	at java.base@22.0.2/java.util.stream.ReferencePipeline$7$1.accept(ReferencePipeline.java:291)
	at java.base@22.0.2/java.util.stream.ReferencePipeline$3$1.accept(ReferencePipeline.java:212)
	at java.base@22.0.2/java.util.stream.ReferencePipeline$3$1.accept(ReferencePipeline.java:212)
	at java.base@22.0.2/java.util.stream.ReferencePipeline$3$1.accept(ReferencePipeline.java:212)
	at java.base@22.0.2/java.util.ArrayList$ArrayListSpliterator.forEachRemaining(ArrayList.java:1709)
	at java.base@22.0.2/java.util.stream.AbstractPipeline.copyInto(AbstractPipeline.java:556)
	at java.base@22.0.2/java.util.stream.AbstractPipeline.wrapAndCopyInto(AbstractPipeline.java:546)
	at java.base@22.0.2/java.util.stream.ForEachOps$ForEachOp.evaluateSequential(ForEachOps.java:151)
	at java.base@22.0.2/java.util.stream.ForEachOps$ForEachOp$OfRef.evaluateSequential(ForEachOps.java:174)
	at java.base@22.0.2/java.util.stream.AbstractPipeline.evaluate(AbstractPipeline.java:265)
	at java.base@22.0.2/java.util.stream.ReferencePipeline.forEach(ReferencePipeline.java:611)
	at java.base@22.0.2/java.util.stream.ReferencePipeline$7$1.accept(ReferencePipeline.java:291)
	at java.base@22.0.2/java.util.ArrayList$ArrayListSpliterator.forEachRemaining(ArrayList.java:1709)
	at java.base@22.0.2/java.util.stream.AbstractPipeline.copyInto(AbstractPipeline.java:556)
	at java.base@22.0.2/java.util.stream.AbstractPipeline.wrapAndCopyInto(AbstractPipeline.java:546)
	at java.base@22.0.2/java.util.stream.ForEachOps$ForEachOp.evaluateSequential(ForEachOps.java:151)
	at java.base@22.0.2/java.util.stream.ForEachOps$ForEachOp$OfRef.evaluateSequential(ForEachOps.java:174)
	at java.base@22.0.2/java.util.stream.AbstractPipeline.evaluate(AbstractPipeline.java:265)
	at java.base@22.0.2/java.util.stream.ReferencePipeline.forEach(ReferencePipeline.java:611)
	at java.base@22.0.2/java.util.ArrayList.forEach(ArrayList.java:1597)
	at java.base@22.0.2/java.util.ArrayList.forEach(ArrayList.java:1597)
</failure>
  </testcase>
  <testcase name="canCreateContact()" classname="tests.ContactCreationTests" time="0.817"/>
  <system-out><![CDATA[]]></system-out>
  <system-err><![CDATA[]]></system-err>
</testsuite>
