<?xml version="1.0" encoding="UTF-8"?>
<testsuite name="tests.ContactCreationTests" tests="19" skipped="0" failures="0" errors="0" timestamp="2025-11-20T13:13:09.773Z" hostname="DESKTOP-F8C0EVU" time="27.352">
  <properties/>
  <testcase name="[1] ContactData[first_name=first name ', last_name=, phone=]" classname="tests.ContactCreationTests" time="6.868"/>
  <testcase name="[1] ContactData[first_name=, last_name=, phone=]" classname="tests.ContactCreationTests" time="1.059"/>
  <testcase name="[2] ContactData[first_name=, last_name=, phone=89172351266]" classname="tests.ContactCreationTests" time="1.255"/>
  <testcase name="[3] ContactData[first_name=, last_name=last name, phone=]" classname="tests.ContactCreationTests" time="1.086"/>
  <testcase name="[4] ContactData[first_name=, last_name=last name, phone=89172351266]" classname="tests.ContactCreationTests" time="1.058"/>
  <testcase name="[5] ContactData[first_name=, last_name=, phone=]" classname="tests.ContactCreationTests" time="0.986"/>
  <testcase name="[6] ContactData[first_name=xamdzpdsda, last_name=lygmbgjfus, phone=chiudjluhs]" classname="tests.ContactCreationTests" time="1.096"/>
  <testcase name="[7] ContactData[first_name=hcwibzpijuxilfbgxzwn, last_name=dvmiveziubhxwcqjhtzq, phone=ibnvmulrrojovntbjznl]" classname="tests.ContactCreationTests" time="1.148"/>
  <testcase name="[8] ContactData[first_name=ovsskddxzhhtfnlngzkhjhofizryjw, last_name=dhktsbcetfkfgxdlisrymdyzwgpfub, phone=mvtlbtwuogtivgpenklaodfodgaoln]" classname="tests.ContactCreationTests" time="1.255"/>
  <testcase name="[9] ContactData[first_name=zsaactmaluhtcoagflbzvnhlaexoacraznwbypwr, last_name=srzwbmqqutuglpxwemgyhntsjrricbpokoespixd, phone=dirwqhqpowkzwplozkpvjiigkwjeeaxcutvrilyw]" classname="tests.ContactCreationTests" time="1.05"/>
  <testcase name="[10] ContactData[first_name=first name, last_name=, phone=]" classname="tests.ContactCreationTests" time="1.091"/>
  <testcase name="[11] ContactData[first_name=first name, last_name=, phone=89172351266]" classname="tests.ContactCreationTests" time="1.067"/>
  <testcase name="[12] ContactData[first_name=first name, last_name=last name, phone=]" classname="tests.ContactCreationTests" time="1.113"/>
  <testcase name="[13] ContactData[first_name=first name, last_name=last name, phone=89172351266]" classname="tests.ContactCreationTests" time="1.206"/>
  <testcase name="[14] ContactData[first_name=, last_name=, phone=]" classname="tests.ContactCreationTests" time="1.236"/>
  <testcase name="[15] ContactData[first_name=ntbtrymxtn, last_name=dolhhaiwef, phone=cxwuzsacmk]" classname="tests.ContactCreationTests" time="1.165"/>
  <testcase name="[16] ContactData[first_name=mdewlaloqxrurvfsgfrj, last_name=oftmqqruxrsbgxtwqpdk, phone=gqbhmeiirinorltxibto]" classname="tests.ContactCreationTests" time="1.137"/>
  <testcase name="[17] ContactData[first_name=msbkbnrdfexwrjdttayjbrhtwzwgnb, last_name=xwminiojzhzcgvyvoamacdavhvzdpc, phone=qeeemkvfgjnocmuwrxmafyuaxjqsbp]" classname="tests.ContactCreationTests" time="1.193"/>
  <testcase name="[18] ContactData[first_name=jdscwobyqlbnlosoknroutfjikhltfankktcnskl, last_name=ndbhnmmjhfidbvuexnqpmdyanpabukrzytmaaobj, phone=aempiokoabqamsqxvdzyudgczzsqpvkvaytrrfgh]" classname="tests.ContactCreationTests" time="1.263"/>
  <system-out><![CDATA[]]></system-out>
  <system-err><![CDATA[]]></system-err>
</testsuite>
