<?xml version="1.0" encoding="UTF-8"?>
<testsuite name="tests.ContactCreationTests" tests="1" skipped="0" failures="1" errors="0" timestamp="2025-12-09T18:50:46.572Z" hostname="DESKTOP-F8C0EVU" time="7.829">
  <properties/>
  <testcase name="canCreateContactInGroup()" classname="tests.ContactCreationTests" time="7.829">
    <failure message="org.hibernate.InstantiationException: No default constructor for entity 'manager.hbm.ContactRecord'" type="org.hibernate.InstantiationException">org.hibernate.InstantiationException: No default constructor for entity 'manager.hbm.ContactRecord'
	at app//org.hibernate.metamodel.internal.EntityInstantiatorPojoStandard.instantiate(EntityInstantiatorPojoStandard.java:93)
	at app//org.hibernate.persister.entity.AbstractEntityPersister.instantiate(AbstractEntityPersister.java:4470)
	at app//org.hibernate.internal.SessionImpl.instantiate(SessionImpl.java:1475)
	at app//org.hibernate.sql.results.graph.entity.AbstractEntityInitializer.instantiateEntity(AbstractEntityInitializer.java:669)
	at app//org.hibernate.sql.results.graph.entity.AbstractEntityInitializer.resolveEntityInstance(AbstractEntityInitializer.java:662)
	at app//org.hibernate.sql.results.graph.entity.AbstractEntityInitializer.resolveInstance(AbstractEntityInitializer.java:628)
	at app//org.hibernate.sql.results.graph.entity.AbstractEntityInitializer.resolveEntityInstance(AbstractEntityInitializer.java:522)
	at app//org.hibernate.sql.results.graph.entity.AbstractEntityInitializer.resolveInstance(AbstractEntityInitializer.java:397)
	at app//org.hibernate.sql.results.internal.InitializersList.resolveInstances(InitializersList.java:89)
	at app//org.hibernate.sql.results.internal.StandardRowReader.coordinateInitializers(StandardRowReader.java:108)
	at app//org.hibernate.sql.results.internal.StandardRowReader.readRow(StandardRowReader.java:86)
	at app//org.hibernate.sql.results.spi.ListResultsConsumer.consume(ListResultsConsumer.java:181)
	at app//org.hibernate.sql.results.spi.ListResultsConsumer.consume(ListResultsConsumer.java:33)
	at app//org.hibernate.sql.exec.internal.JdbcSelectExecutorStandardImpl.doExecuteQuery(JdbcSelectExecutorStandardImpl.java:361)
	at app//org.hibernate.sql.exec.internal.JdbcSelectExecutorStandardImpl.executeQuery(JdbcSelectExecutorStandardImpl.java:168)
	at app//org.hibernate.sql.exec.internal.JdbcSelectExecutorStandardImpl.list(JdbcSelectExecutorStandardImpl.java:93)
	at app//org.hibernate.sql.exec.spi.JdbcSelectExecutor.list(JdbcSelectExecutor.java:31)
	at app//org.hibernate.loader.ast.internal.CollectionLoaderSingleKey.load(CollectionLoaderSingleKey.java:115)
	at app//org.hibernate.persister.collection.AbstractCollectionPersister.initialize(AbstractCollectionPersister.java:680)
	at app//org.hibernate.event.internal.DefaultInitializeCollectionEventListener.onInitializeCollection(DefaultInitializeCollectionEventListener.java:67)
	at app//org.hibernate.event.service.internal.EventListenerGroupImpl.fireEventOnEachListener(EventListenerGroupImpl.java:127)
	at app//org.hibernate.internal.SessionImpl.initializeCollection(SessionImpl.java:1704)
	at app//org.hibernate.collection.spi.AbstractPersistentCollection.lambda$initialize$3(AbstractPersistentCollection.java:615)
	at app//org.hibernate.collection.spi.AbstractPersistentCollection.withTemporarySessionIfNeeded(AbstractPersistentCollection.java:264)
	at app//org.hibernate.collection.spi.AbstractPersistentCollection.initialize(AbstractPersistentCollection.java:613)
	at app//org.hibernate.collection.spi.AbstractPersistentCollection.read(AbstractPersistentCollection.java:136)
	at app//org.hibernate.collection.spi.PersistentBag.iterator(PersistentBag.java:371)
	at app//manager.HibernateHelper.convertContactList(HibernateHelper.java:33)
	at app//manager.HibernateHelper.lambda$getContactsInGroup$3(HibernateHelper.java:98)
	at app//org.hibernate.SessionFactory.fromSession(SessionFactory.java:251)
	at app//manager.HibernateHelper.getContactsInGroup(HibernateHelper.java:97)
	at app//tests.ContactCreationTests.canCreateContactInGroup(ContactCreationTests.java:94)
	at java.base@22.0.2/java.lang.reflect.Method.invoke(Method.java:580)
	at java.base@22.0.2/java.util.ArrayList.forEach(ArrayList.java:1597)
	at java.base@22.0.2/java.util.ArrayList.forEach(ArrayList.java:1597)
</failure>
  </testcase>
  <system-out><![CDATA[]]></system-out>
  <system-err><![CDATA[дек. 09, 2025 9:50:50 PM org.hibernate.Version logVersion
INFO: HHH000412: Hibernate ORM core version 6.3.0.CR1
дек. 09, 2025 9:50:50 PM org.hibernate.cfg.Environment <clinit>
INFO: HHH000406: Using bytecode reflection optimizer
дек. 09, 2025 9:50:50 PM org.hibernate.cache.internal.RegionFactoryInitiator initiateService
INFO: HHH000026: Second-level cache disabled
дек. 09, 2025 9:50:50 PM org.hibernate.engine.jdbc.connections.internal.DriverManagerConnectionProviderImpl configure
WARN: HHH10001002: Using built-in connection pool (not intended for production use)
дек. 09, 2025 9:50:50 PM org.hibernate.engine.jdbc.connections.internal.DriverManagerConnectionProviderImpl buildCreator
INFO: HHH10001005: Loaded JDBC driver class: com.mysql.cj.jdbc.Driver
дек. 09, 2025 9:50:50 PM org.hibernate.engine.jdbc.connections.internal.DriverManagerConnectionProviderImpl buildCreator
INFO: HHH10001012: Connecting with JDBC URL [jdbc:mysql://localhost/addressbook?zeroDateTimeBehavior=convertToNull]
дек. 09, 2025 9:50:50 PM org.hibernate.engine.jdbc.connections.internal.DriverManagerConnectionProviderImpl buildCreator
INFO: HHH10001001: Connection properties: {password=****, user=root}
дек. 09, 2025 9:50:50 PM org.hibernate.engine.jdbc.connections.internal.DriverManagerConnectionProviderImpl buildCreator
INFO: HHH10001003: Autocommit mode: false
дек. 09, 2025 9:50:50 PM org.hibernate.engine.jdbc.connections.internal.DriverManagerConnectionProviderImpl$PooledConnections <init>
INFO: HHH10001115: Connection pool size: 20 (min=1)
дек. 09, 2025 9:50:50 PM io.opentelemetry.api.GlobalOpenTelemetry maybeAutoConfigureAndSetGlobal
INFO: AutoConfiguredOpenTelemetrySdk found on classpath but automatic configuration is disabled. To enable, run your JVM with -Dotel.java.global-autoconfigure.enabled=true
дек. 09, 2025 9:50:51 PM org.hibernate.dialect.Dialect checkVersion
WARN: HHH000511: The 5.5.0 version for [org.hibernate.dialect.MySQLDialect] is no longer supported, hence certain features may not work properly. The minimum supported version is 5.7.0. Check the community dialects project for available legacy versions.
дек. 09, 2025 9:50:51 PM org.hibernate.metamodel.internal.EntityInstantiatorPojoStandard resolveConstructor
INFO: HHH000182: No default (no-argument) constructor for class: manager.hbm.ContactRecord (class must be instantiated by Interceptor)
дек. 09, 2025 9:50:52 PM org.hibernate.engine.transaction.jta.platform.internal.JtaPlatformInitiator initiateService
INFO: HHH000489: No JTA platform available (set 'hibernate.transaction.jta.platform' to enable JTA platform integration)
]]></system-err>
</testsuite>
