<?xml version="1.0" encoding="UTF-8"?>
<testsuite name="ru.stqa.mantis.tests.MailTests" tests="3" skipped="0" failures="0" errors="0" timestamp="2025-12-27T18:26:22.804Z" hostname="DESKTOP-F8C0EVU" time="0.191">
  <properties/>
  <testcase name="canReceiveEmail()" classname="ru.stqa.mantis.tests.MailTests" time="0.129"/>
  <testcase name="canExtractUrl()" classname="ru.stqa.mantis.tests.MailTests" time="0.028"/>
  <testcase name="canDrainInbox()" classname="ru.stqa.mantis.tests.MailTests" time="0.031"/>
  <system-out><![CDATA[[MailMessage[from=Mantis Bug Tracker <noreply@example.com>, content=Thank you for registering. You have an account with username "pepudgay". In
order to complete your registration, visit the following URL (make sure it is
entered as the single line) and set your own access password:

http://localhost/mantisbt-2.26.4/verify.php?id=5&confirm_hash=PlvdwhOMX1_yx1ToBM6h2CxXIeb63C0PBj_7m7Zb5C8t_t7LvGXdqI9ewXt1ECKwMz_GBrC9JxkUegImI8xR

If you did not request any registration, ignore this message and nothing will
happen.

Do not reply to this message

]]
http://localhost/mantisbt-2.26.4/verify.php?id=5&confirm_hash=PlvdwhOMX1_yx1ToBM6h2CxXIeb63C0PBj_7m7Zb5C8t_t7LvGXdqI9ewXt1ECKwMz_GBrC9JxkUegImI8xR
]]></system-out>
  <system-err><![CDATA[]]></system-err>
</testsuite>
